ASxxxx Assembler V02.00 + NoICE + SDCC mods  (Zilog Z80 / Hitachi HD64180), page 1.
Hexadecimal [16-Bits]



                              1 ;===================================================================================================================================================
                              2 ; Public functions
                              3 ;===================================================================================================================================================
                              4 ;; Poner aqui las referencias a métodos de AI
                              5 .globl _sys_ai_behaviourLeftRight
                              6 
                              7 
                              8 ;===================================================================================================================================================
                              9 ; Public data
                             10 ;===================================================================================================================================================
                             11 ;;Animations
                             12 .globl _man_anim_player
                             13 ;;Sprites
                             14 .globl _sprite_player01
                             15   
                             16 
                             17 ;===================================================================================================================================================
                             18 ; Templates
                             19 ;===================================================================================================================================================
   0000                      20 _player_template_e:
   0000 01                   21    .db #0x01               ; type
   0001 01                   22    .db #0x01               ; cmp
   0002 26                   23    .db #0x26               ; x
   0003 B0                   24    .db #0xB0               ; y
   0004 06                   25    .db #0x06               ; width
   0005 08                   26    .db #0x08               ; heigth
   0006 00                   27    .db #0x00               ; vx
   0007 00                   28    .db #0x00               ; vy
   0008 00 00                29    .dw #_sprite_player01   ; sprite
   000A 00 00                30    .dw #0x0000             ;ai_behaviour
   000C 00                   31    .db #0x00               ;ai_counter
   000D 00 00                32    .dw #_man_anim_player   ;animator
   000F 10                   33    .db #0x10               ;anim. counter
